<?xml version="1.0" encoding="UTF-8"?>
<!-- Generated by org.testng.reporters.JUnitXMLReporter -->
<testsuite ignored="0" hostname="mucnblo029" failures="0" tests="3" name="Test" time="2.92" errors="0" timestamp="2021-02-28T20:00:20 CET">
  <testcase classname="RestAPI.GetMethod" name="testForIdNotPresent" time="2.285"/>
  <testcase classname="RestAPI.GetMethod" name="testForInvalidId" time="0.408"/>
  <testcase classname="RestAPI.GetMethod" name="testForValidId" time="0.098"/>
</testsuite> <!-- Test -->
