<?xml version="1.0" encoding="UTF-8"?>
<testng-results ignored="0" total="3" passed="3" failed="0" skipped="0">
  <reporter-output>
  </reporter-output>
  <suite started-at="2021-02-28T20:00:17 CET" name="Suite" finished-at="2021-02-28T20:00:20 CET" duration-ms="2920">
    <groups>
    </groups>
    <test started-at="2021-02-28T20:00:17 CET" name="Test" finished-at="2021-02-28T20:00:20 CET" duration-ms="2920">
      <class name="RestAPI.GetMethod">
        <test-method signature="testForIdNotPresent()[pri:0, instance:RestAPI.GetMethod@55fe41ea]" started-at="2021-02-28T20:00:17 CET" name="testForIdNotPresent" finished-at="2021-02-28T20:00:19 CET" duration-ms="2285" status="PASS">
          <reporter-output>
          </reporter-output>
        </test-method> <!-- testForIdNotPresent -->
        <test-method signature="testForInvalidId()[pri:0, instance:RestAPI.GetMethod@55fe41ea]" started-at="2021-02-28T20:00:19 CET" name="testForInvalidId" finished-at="2021-02-28T20:00:20 CET" duration-ms="408" status="PASS">
          <reporter-output>
          </reporter-output>
        </test-method> <!-- testForInvalidId -->
        <test-method signature="testForValidId()[pri:0, instance:RestAPI.GetMethod@55fe41ea]" started-at="2021-02-28T20:00:20 CET" name="testForValidId" finished-at="2021-02-28T20:00:20 CET" duration-ms="98" status="PASS">
          <reporter-output>
          </reporter-output>
        </test-method> <!-- testForValidId -->
      </class> <!-- RestAPI.GetMethod -->
    </test> <!-- Test -->
  </suite> <!-- Suite -->
</testng-results>
